=== Started 2017-05-19T20-50-37-028 ===
[INFO ][20:50:37] 419 bad words loaded
[WARN ][20:50:37] User account "Local Administrator" disabled
[WARN ][20:50:37] User account "Local Moderator" disabled
[WARN ][20:50:37] User account "Local User" disabled
[INFO ][20:50:37] 0 user records loaded.
[INFO ][20:50:37] 0 IP ban records loaded.
[INFO ][20:50:37] [1m[32mMultiOgar-Edited 1.6.1[37m - An open source multi-protocol ogar server[0m
[INFO ][20:50:37] WebSocket: ws
[INFO ][20:50:37] Listening on port 3003
[INFO ][20:50:37] Current game mode is Free For All
[NONE ][20:50:37]   __  __       _ _   _  ___                        _____    _ _ _           _    _   __    _ 
 |  \/  |_   _| | |_(_)/ _ \  __ _  __ _ _ __     | ____|__| (_) |_ ___  __| |  / | / /_  / |
 | |\/| | | | | | __| | | | |/ _` |/ _` | '__|____|  _| / _` | | __/ _ \/ _` |  | || '_ \ | |
 | |  | | |_| | | |_| | |_| | (_| | (_| | | |_____| |__| (_| | | ||  __/ (_| |  | || (_) || |
 |_|  |_|\__,_|_|\__|_|\___/ \__, |\__,_|_|       |_____\__,_|_|\__\___|\__,_|  |_(_)___(_)_|
                             |___/                                                           
[NONE ][20:50:39] CONNECTED 127.0.0.1:29103, origin: "http://blobby.ga"
[NONE ][20:51:43] >minion 2 1000
[NONE ][20:51:48] >minion 3 1000
[NONE ][20:51:51] >playerlist
[NONE ][20:51:51] 
Current players: 1
[NONE ][20:51:51] Do "playerlist m" or "pl m" to list minions

[NONE ][20:51:51]  ID     | IP              | P | CELLS | SCORE  |   POSITION   | NICK            
[NONE ][20:51:51] ────────────────────────────────────────────────────────────────────────────────
[NONE ][20:51:51]       1 | 127.0.0.1       | 5 |     1 |     45 | -7037,  5613 | dollar         
[NONE ][20:51:55] >minion 1 1000
[NONE ][20:51:55] Added 1000 minions for dollar
[NONE ][20:52:20] >rec 1
[NONE ][20:52:20] dollar is now in rec mode!
[NONE ][20:52:34] >minion 1 1000
[NONE ][20:52:34] Added 1000 minions for dollar
[NONE ][20:53:30] >minion 1 1000
[NONE ][20:53:30] Added 1000 minions for dollar
