=== Started 2017-05-19T20-33-50-659 ===
[INFO ][20:33:50] 419 bad words loaded
[WARN ][20:33:50] User account "Local Administrator" disabled
[WARN ][20:33:50] User account "Local Moderator" disabled
[WARN ][20:33:50] User account "Local User" disabled
[INFO ][20:33:50] 0 user records loaded.
[INFO ][20:33:50] 0 IP ban records loaded.
[INFO ][20:33:50] [1m[32mMultiOgar-Edited 1.6.1[37m - An open source multi-protocol ogar server[0m
[INFO ][20:33:50] WebSocket: ws
[INFO ][20:33:50] Listening on port 3003
[INFO ][20:33:50] Current game mode is Free For All
[NONE ][20:33:50]   __  __       _ _   _  ___                        _____    _ _ _           _    _   __    _ 
 |  \/  |_   _| | |_(_)/ _ \  __ _  __ _ _ __     | ____|__| (_) |_ ___  __| |  / | / /_  / |
 | |\/| | | | | | __| | | | |/ _` |/ _` | '__|____|  _| / _` | | __/ _ \/ _` |  | || '_ \ | |
 | |  | | |_| | | |_| | |_| | (_| | (_| | | |_____| |__| (_| | | ||  __/ (_| |  | || (_) || |
 |_|  |_|\__,_|_|\__|_|\___/ \__, |\__,_|_|       |_____\__,_|_|\__\___|\__,_|  |_(_)___(_)_|
                             |___/                                                           
[NONE ][20:33:51] CONNECTED 127.0.0.1:17087, origin: "http://blobby.ga"
[NONE ][20:33:55] >addbot 2
[NONE ][20:33:55] Added 2 player bots
[NONE ][20:33:58] DISCONNECTED 127.0.0.1:17087, code: 1001, reason: "", name: ""
[NONE ][20:33:59] CONNECTED 127.0.0.1:17235, origin: "http://blobby.ga"
[NONE ][20:34:08] >playerlist
[NONE ][20:34:08] 
Current players: 3
[NONE ][20:34:08] Do "playerlist m" or "pl m" to list minions

[NONE ][20:34:08]  ID     | IP              | P | CELLS | SCORE  |   POSITION   | NICK            
[NONE ][20:34:08] â”€â”€â”€â”€â”€â”€â”€â”€â”€â”€â”€â”€â”€â”€â”€â”€â”€â”€â”€â”€â”€â”€â”€â”€â”€â”€â”€â”€â”€â”€â”€â”€â”€â”€â”€â”€â”€â”€â”€â”€â”€â”€â”€â”€â”€â”€â”€â”€â”€â”€â”€â”€â”€â”€â”€â”€â”€â”€â”€â”€â”€â”€â”€â”€â”€â”€â”€â”€â”€â”€â”€â”€â”€â”€â”€â”€â”€â”€â”€â”€
[NONE ][20:34:08]       2 | [BOT]           | ? |     1 |     16 | -1229,  5652 | Jessie         
[NONE ][20:34:08]       3 | [BOT]           | ? |     1 |     11 |  2987, -3876 | Isabel         
[NONE ][20:34:08]       4 | 127.0.0.1       | 5 |     1 |     14 | -4837, -4133 | herohamp       
[NONE ][20:34:22] >minion 4 10
[NONE ][20:34:22] Added 10 minions for herohamp
[NONE ][20:35:14] >addbot 20
[NONE ][20:35:14] Added 20 player bots
[NONE ][20:35:25] >minion 4 100
[NONE ][20:35:25] Added 100 minions for herohamp
[NONE ][20:35:51] >minion 4 100
[NONE ][20:35:51] Added 100 minions for herohamp
[NONE ][20:35:51] >minion 4 100
[NONE ][20:35:51] Added 100 minions for herohamp
[NONE ][20:36:05] >minion 4 200
[NONE ][20:36:05] Added 200 minions for herohamp
[NONE ][20:36:50] DISCONNECTED 127.0.0.1:17235, code: 1001, reason: "", name: "herohamp"
[NONE ][20:36:51] CONNECTED 127.0.0.1:19303, origin: "http://blobby.ga"
[NONE ][20:36:58] DISCONNECTED 127.0.0.1:19303, code: 1001, reason: "", name: "herohamp"
[NONE ][20:36:59] CONNECTED 127.0.0.1:19343, origin: "http://blobby.ga"
[NONE ][20:37:39] >help
[NONE ][20:37:39]                        â”Œâ”€â”€â”€â”€â”€â”€â”€â”€â”€â”€â”€â”€â”€â”€â”€â”€â”€â”€â”€â”€â”€â”€â”€â”€â”€â”€â”€â”€â”                       
                       â”‚ LIST OF AVAILABLE COMMANDS â”‚                       
â”Œâ”€â”€â”€â”€â”€â”€â”€â”€â”€â”€â”€â”€â”€â”€â”€â”€â”€â”€â”€â”€â”€â”€â”´â”€â”€â”€â”€â”€â”€â”€â”€â”€â”€â”€â”€â”€â”€â”€â”€â”€â”€â”€â”€â”€â”€â”€â”€â”€â”€â”€â”€â”´â”€â”€â”€â”€â”€â”€â”€â”€â”€â”€â”€â”€â”€â”€â”€â”€â”€â”€â”€â”€â”€â”€â”
â”‚                         ----Players and AI----                           â”‚
â”‚                                                                          â”‚
â”‚ playerlist                   â”‚ Get list of players, bots, ID's, etc      â”‚
â”‚ minion [PlayerID] [#] [name] â”‚ Adds suicide minions to the server        â”‚
â”‚ addbot [number]              â”‚ Adds bots to the server                   â”‚
â”‚ kickbot [number]             â”‚ Kick a number of bots - No value= all goneâ”‚
â”‚ kick [PlayerID]              â”‚ Kick player or bot by client ID           â”‚
â”‚ kickall                      â”‚ Kick all players and bots                 â”‚
â”‚ kill [PlayerID]              â”‚ Kill the player by client ID              â”‚
â”‚ killall                      â”‚ Kills everyone                            â”‚
â”‚                                                                          â”‚
â”‚                          ----Player Commands----                         â”‚
â”‚                                                                          â”‚
â”‚ spawn [entity] [pos] [mass]  â”‚ Spawns an entity                          â”‚
â”‚ mass [PlayerID] [mass]       â”‚ Set cell(s) mass by client ID             â”‚
â”‚ merge [PlayerID]             â”‚ Merge all client's cells                  â”‚
â”‚ spawnmass [PlayerID] [mass]  â”‚ Sets a player's spawn mass                â”‚
â”‚ freeze [PlayerID]            â”‚ Freezes a player                          â”‚
â”‚ speed [PlayerID]             â”‚ Sets a player's base speed                â”‚
â”‚ color [PlayerID] [R] [G] [B] â”‚ Set cell(s) color by client ID            â”‚
â”‚ name [PlayerID] [name]       â”‚ Change cell(s) name by client ID          â”‚
â”‚ skin [PlayerID] [string]     â”‚ Change cell(s) skin by client ID          â”‚
â”‚ rec [PlayerID]               â”‚ Gives a player instant-recombine + more   â”‚
â”‚ split [PlayerID] [Amount]    â”‚ Forces a player to split                  â”‚
â”‚ tp [X] [Y]                   â”‚ Teleports player(s) to XY coordinates     â”‚
â”‚ replace [PlayerID] [entity]  â”‚ Replaces a player with an entity          â”‚
â”‚ pop [PlayerID]               â”‚ Pops a player with a virus                â”‚
| explode [PlayerID]           | Explodes a player into ejected mass       |
â”‚                                                                          â”‚
â”‚                          ----Server Commands----                         â”‚
â”‚                                                                          â”‚
â”‚ pause                        â”‚ Pause game, freeze all nodes              â”‚
â”‚ board [string] [string] ...  â”‚ Set scoreboard text                       â”‚
â”‚ change [setting] [value]     â”‚ Change specified settings                 â”‚
â”‚ reload                       â”‚ Reload config, banlist, and role files    â”‚
â”‚ ban [PlayerID â”‚ IP]          â”‚ Bans a player(s) IP                       â”‚
â”‚ unban [IP]                   â”‚ Unbans an IP                              â”‚
â”‚ banlist                      â”‚ Get list of banned IPs.                   â”‚
â”‚ mute [PlayerID]              â”‚ Mute player from chat by client ID        â”‚
â”‚ unmute [PlayerID]            â”‚ Unmute player from chat by client ID      â”‚
| lms                          | Starts/ends last man standing             |
â”‚                                                                          â”‚
â”‚                          ----Miscellaneous----                           â”‚
â”‚                                                                          â”‚
â”‚ clear                        â”‚ Clear console output                      â”‚
â”‚ reset                        â”‚ Removes all nodes and reimplement them    â”‚
â”‚ status                       â”‚ Get server status                         â”‚
â”‚ debug                        â”‚ Get/check node lengths                    â”‚
â”‚ exit                         â”‚ Stops the server                          â”‚
â”‚ calc                         â”‚ Get size/mass from a specified value      â”‚
â”‚                                                                          â”‚
â”œâ”€â”€â”€â”€â”€â”€â”€â”€â”€â”€â”€â”€â”€â”€â”€â”€â”€â”€â”€â”€â”€â”€â”€â”€â”€â”€â”€â”€â”€â”€â”€â”€â”€â”€â”€â”€â”€â”€â”€â”€â”€â”€â”€â”€â”€â”€â”€â”€â”€â”€â”€â”€â”€â”€â”€â”€â”€â”€â”€â”€â”€â”€â”€â”€â”€â”€â”€â”€â”€â”€â”€â”€â”€â”€â”¤
â”‚         Psst! Do "shortcuts" for a list of command shortcuts!            â”‚
â””â”€â”€â”€â”€â”€â”€â”€â”€â”€â”€â”€â”€â”€â”€â”€â”€â”€â”€â”€â”€â”€â”€â”€â”€â”€â”€â”€â”€â”€â”€â”€â”€â”€â”€â”€â”€â”€â”€â”€â”€â”€â”€â”€â”€â”€â”€â”€â”€â”€â”€â”€â”€â”€â”€â”€â”€â”€â”€â”€â”€â”€â”€â”€â”€â”€â”€â”€â”€â”€â”€â”€â”€â”€â”€â”˜
[NONE ][20:37:49] >pause
[NONE ][20:37:49] Paused the game.
[NONE ][20:37:56] >pause
[NONE ][20:37:56] Unpaused the game.
[NONE ][20:38:07] >reset
[WARN ][20:38:07] Removed 1105 nodes
[NONE ][20:38:49] >playerlist
[NONE ][20:38:49] 
Current players: 23
[NONE ][20:38:49] Do "playerlist m" or "pl m" to list minions

[NONE ][20:38:49]  ID     | IP              | P | CELLS | SCORE  |   POSITION   | NICK            
[NONE ][20:38:49] â”€â”€â”€â”€â”€â”€â”€â”€â”€â”€â”€â”€â”€â”€â”€â”€â”€â”€â”€â”€â”€â”€â”€â”€â”€â”€â”€â”€â”€â”€â”€â”€â”€â”€â”€â”€â”€â”€â”€â”€â”€â”€â”€â”€â”€â”€â”€â”€â”€â”€â”€â”€â”€â”€â”€â”€â”€â”€â”€â”€â”€â”€â”€â”€â”€â”€â”€â”€â”€â”€â”€â”€â”€â”€â”€â”€â”€â”€â”€â”€
[NONE ][20:38:49]       2 | [BOT]           | ? |     1 |     20 |  -483,  4973 | Jessie         
[NONE ][20:38:49]       3 | [BOT]           | ? |     1 |     31 |  6162,  2243 | Isabel         
[NONE ][20:38:49]      15 | [BOT]           | ? |     1 |     45 | -5140,  6833 | Cory           
[NONE ][20:38:49]      16 | [BOT]           | ? |     1 |     32 | -2803,  6470 | Carolyn        
[NONE ][20:38:49]      17 | [BOT]           | ? |     1 |     33 |  -234,  6064 | Katharine      
[NONE ][20:38:49]      18 | [BOT]           | ? |     1 |     57 |   999,  3189 | Lida           
[NONE ][20:38:49]      19 | [BOT]           | ? |     1 |     30 |  1746,  -169 | Bertie         
[NONE ][20:38:49]      20 | [BOT]           | ? |     1 |     42 | -6697, -3186 | Glenn          
[NONE ][20:38:49]      21 | [BOT]           | ? |     1 |     41 |  5354,   649 | Daniel         
[NONE ][20:38:49]      22 | [BOT]           | ? |     1 |     40 | -6448,  3967 | Jose           
[NONE ][20:38:49]      23 | [BOT]           | ? |     1 |     36 |  5359,  -373 | Ann            
[NONE ][20:38:49]      24 | [BOT]           | ? |     1 |     29 |  -524,  2599 | Lina           
[NONE ][20:38:49]      25 | [BOT]           | ? |     1 |     65 | -3891, -5513 | Jeanette       
[NONE ][20:38:49]      26 | [BOT]           | ? |     1 |     40 |  2763, -4948 | Roger          
[NONE ][20:38:49]      27 | [BOT]           | ? |     1 |     30 |  2133, -3891 | Brandon        
[NONE ][20:38:49]      28 | [BOT]           | ? |     1 |     40 |  3914, -1798 | Vincent        
[NONE ][20:38:49]      29 | [BOT]           | ? |     1 |     35 |   773,  1733 | Curtis         
[NONE ][20:38:49]      30 | [BOT]           | ? |     1 |     29 |  2203, -5768 | Carl           
[NONE ][20:38:49]      31 | [BOT]           | ? |     1 |     34 |  4000,  3522 | William        
[NONE ][20:38:49]      32 | [BOT]           | ? |     1 |     17 | -3875,  6651 | Marie          
[NONE ][20:38:49]      33 | [BOT]           | ? |     1 |     21 |  -202,  1942 | Stephen        
[NONE ][20:38:49]      34 | [BOT]           | ? |     1 |     50 | -2844,   855 | Dora           
[NONE ][20:38:49]     536 | 127.0.0.1       | 5 |     1 |     64 | -5546, -3463 | herohamp       
[NONE ][20:38:59] >minion 536 1
[NONE ][20:38:59] Added 1 minions for herohamp
[NONE ][20:39:34] >minion 536 300
[NONE ][20:39:34] Added 300 minions for herohamp
[NONE ][20:39:47] >minion 536 500
[NONE ][20:39:47] Added 500 minions for herohamp
[NONE ][20:40:14] >reset
[WARN ][20:40:14] Removed 1674 nodes
