=== Started 2017-05-19T20-48-42-489 ===
[INFO ][20:48:42] 419 bad words loaded
[WARN ][20:48:42] User account "Local Administrator" disabled
[WARN ][20:48:42] User account "Local Moderator" disabled
[WARN ][20:48:42] User account "Local User" disabled
[INFO ][20:48:42] 0 user records loaded.
[INFO ][20:48:42] 0 IP ban records loaded.
[INFO ][20:48:42] [1m[32mMultiOgar-Edited 1.6.1[37m - An open source multi-protocol ogar server[0m
[INFO ][20:48:42] WebSocket: ws
[INFO ][20:48:42] Listening on port 3003
[INFO ][20:48:42] Current game mode is Free For All
[NONE ][20:48:42]   __  __       _ _   _  ___                        _____    _ _ _           _    _   __    _ 
 |  \/  |_   _| | |_(_)/ _ \  __ _  __ _ _ __     | ____|__| (_) |_ ___  __| |  / | / /_  / |
 | |\/| | | | | | __| | | | |/ _` |/ _` | '__|____|  _| / _` | | __/ _ \/ _` |  | || '_ \ | |
 | |  | | |_| | | |_| | |_| | (_| | (_| | | |_____| |__| (_| | | ||  __/ (_| |  | || (_) || |
 |_|  |_|\__,_|_|\__|_|\___/ \__, |\__,_|_|       |_____\__,_|_|\__\___|\__,_|  |_(_)___(_)_|
                             |___/                                                           
[NONE ][20:48:44] CONNECTED 127.0.0.1:27719, origin: "http://blobby.ga"
[NONE ][20:48:44] DISCONNECTED 127.0.0.1:27719, code: 1001, reason: "", name: ""
[NONE ][20:48:45] CONNECTED 127.0.0.1:27729, origin: "http://blobby.ga"
[NONE ][20:49:55] >help
[NONE ][20:49:55]                        â”Œâ”€â”€â”€â”€â”€â”€â”€â”€â”€â”€â”€â”€â”€â”€â”€â”€â”€â”€â”€â”€â”€â”€â”€â”€â”€â”€â”€â”€â”                       
                       â”‚ LIST OF AVAILABLE COMMANDS â”‚                       
â”Œâ”€â”€â”€â”€â”€â”€â”€â”€â”€â”€â”€â”€â”€â”€â”€â”€â”€â”€â”€â”€â”€â”€â”´â”€â”€â”€â”€â”€â”€â”€â”€â”€â”€â”€â”€â”€â”€â”€â”€â”€â”€â”€â”€â”€â”€â”€â”€â”€â”€â”€â”€â”´â”€â”€â”€â”€â”€â”€â”€â”€â”€â”€â”€â”€â”€â”€â”€â”€â”€â”€â”€â”€â”€â”€â”
â”‚                         ----Players and AI----                           â”‚
â”‚                                                                          â”‚
â”‚ playerlist                   â”‚ Get list of players, bots, ID's, etc      â”‚
â”‚ minion [PlayerID] [#] [name] â”‚ Adds suicide minions to the server        â”‚
â”‚ addbot [number]              â”‚ Adds bots to the server                   â”‚
â”‚ kickbot [number]             â”‚ Kick a number of bots - No value= all goneâ”‚
â”‚ kick [PlayerID]              â”‚ Kick player or bot by client ID           â”‚
â”‚ kickall                      â”‚ Kick all players and bots                 â”‚
â”‚ kill [PlayerID]              â”‚ Kill the player by client ID              â”‚
â”‚ killall                      â”‚ Kills everyone                            â”‚
â”‚                                                                          â”‚
â”‚                          ----Player Commands----                         â”‚
â”‚                                                                          â”‚
â”‚ spawn [entity] [pos] [mass]  â”‚ Spawns an entity                          â”‚
â”‚ mass [PlayerID] [mass]       â”‚ Set cell(s) mass by client ID             â”‚
â”‚ merge [PlayerID]             â”‚ Merge all client's cells                  â”‚
â”‚ spawnmass [PlayerID] [mass]  â”‚ Sets a player's spawn mass                â”‚
â”‚ freeze [PlayerID]            â”‚ Freezes a player                          â”‚
â”‚ speed [PlayerID]             â”‚ Sets a player's base speed                â”‚
â”‚ color [PlayerID] [R] [G] [B] â”‚ Set cell(s) color by client ID            â”‚
â”‚ name [PlayerID] [name]       â”‚ Change cell(s) name by client ID          â”‚
â”‚ skin [PlayerID] [string]     â”‚ Change cell(s) skin by client ID          â”‚
â”‚ rec [PlayerID]               â”‚ Gives a player instant-recombine + more   â”‚
â”‚ split [PlayerID] [Amount]    â”‚ Forces a player to split                  â”‚
â”‚ tp [X] [Y]                   â”‚ Teleports player(s) to XY coordinates     â”‚
â”‚ replace [PlayerID] [entity]  â”‚ Replaces a player with an entity          â”‚
â”‚ pop [PlayerID]               â”‚ Pops a player with a virus                â”‚
| explode [PlayerID]           | Explodes a player into ejected mass       |
â”‚                                                                          â”‚
â”‚                          ----Server Commands----                         â”‚
â”‚                                                                          â”‚
â”‚ pause                        â”‚ Pause game, freeze all nodes              â”‚
â”‚ board [string] [string] ...  â”‚ Set scoreboard text                       â”‚
â”‚ change [setting] [value]     â”‚ Change specified settings                 â”‚
â”‚ reload                       â”‚ Reload config, banlist, and role files    â”‚
â”‚ ban [PlayerID â”‚ IP]          â”‚ Bans a player(s) IP                       â”‚
â”‚ unban [IP]                   â”‚ Unbans an IP                              â”‚
â”‚ banlist                      â”‚ Get list of banned IPs.                   â”‚
â”‚ mute [PlayerID]              â”‚ Mute player from chat by client ID        â”‚
â”‚ unmute [PlayerID]            â”‚ Unmute player from chat by client ID      â”‚
| lms                          | Starts/ends last man standing             |
â”‚                                                                          â”‚
â”‚                          ----Miscellaneous----                           â”‚
â”‚                                                                          â”‚
â”‚ clear                        â”‚ Clear console output                      â”‚
â”‚ reset                        â”‚ Removes all nodes and reimplement them    â”‚
â”‚ status                       â”‚ Get server status                         â”‚
â”‚ debug                        â”‚ Get/check node lengths                    â”‚
â”‚ exit                         â”‚ Stops the server                          â”‚
â”‚ calc                         â”‚ Get size/mass from a specified value      â”‚
â”‚                                                                          â”‚
â”œâ”€â”€â”€â”€â”€â”€â”€â”€â”€â”€â”€â”€â”€â”€â”€â”€â”€â”€â”€â”€â”€â”€â”€â”€â”€â”€â”€â”€â”€â”€â”€â”€â”€â”€â”€â”€â”€â”€â”€â”€â”€â”€â”€â”€â”€â”€â”€â”€â”€â”€â”€â”€â”€â”€â”€â”€â”€â”€â”€â”€â”€â”€â”€â”€â”€â”€â”€â”€â”€â”€â”€â”€â”€â”€â”¤
â”‚         Psst! Do "shortcuts" for a list of command shortcuts!            â”‚
â””â”€â”€â”€â”€â”€â”€â”€â”€â”€â”€â”€â”€â”€â”€â”€â”€â”€â”€â”€â”€â”€â”€â”€â”€â”€â”€â”€â”€â”€â”€â”€â”€â”€â”€â”€â”€â”€â”€â”€â”€â”€â”€â”€â”€â”€â”€â”€â”€â”€â”€â”€â”€â”€â”€â”€â”€â”€â”€â”€â”€â”€â”€â”€â”€â”€â”€â”€â”€â”€â”€â”€â”€â”€â”€â”˜
[NONE ][20:50:00] >playerlist
[NONE ][20:50:00] 
Current players: 1
[NONE ][20:50:00] Do "playerlist m" or "pl m" to list minions

[NONE ][20:50:00]  ID     | IP              | P | CELLS | SCORE  |   POSITION   | NICK            
[NONE ][20:50:00] â”€â”€â”€â”€â”€â”€â”€â”€â”€â”€â”€â”€â”€â”€â”€â”€â”€â”€â”€â”€â”€â”€â”€â”€â”€â”€â”€â”€â”€â”€â”€â”€â”€â”€â”€â”€â”€â”€â”€â”€â”€â”€â”€â”€â”€â”€â”€â”€â”€â”€â”€â”€â”€â”€â”€â”€â”€â”€â”€â”€â”€â”€â”€â”€â”€â”€â”€â”€â”€â”€â”€â”€â”€â”€â”€â”€â”€â”€â”€â”€
[NONE ][20:50:00]       2 | 127.0.0.1       | 5 |     1 |     37 |  7040, -7040 | dollar         
[NONE ][20:50:09] >minion 2 1000
[NONE ][20:50:09] Added 1000 minions for dollar
[NONE ][20:50:25] >rec 2
[NONE ][20:50:25] dollar is now in rec mode!
