=== Started 2017-05-19T20-40-50-057 ===
[INFO ][20:40:50] 419 bad words loaded
[WARN ][20:40:50] User account "Local Administrator" disabled
[WARN ][20:40:50] User account "Local Moderator" disabled
[WARN ][20:40:50] User account "Local User" disabled
[INFO ][20:40:50] 0 user records loaded.
[INFO ][20:40:50] 0 IP ban records loaded.
[INFO ][20:40:50] [1m[32mMultiOgar-Edited 1.6.1[37m - An open source multi-protocol ogar server[0m
[INFO ][20:40:50] WebSocket: ws
[INFO ][20:40:50] Listening on port 3003
[INFO ][20:40:50] Current game mode is Free For All
[NONE ][20:40:50]   __  __       _ _   _  ___                        _____    _ _ _           _    _   __    _ 
 |  \/  |_   _| | |_(_)/ _ \  __ _  __ _ _ __     | ____|__| (_) |_ ___  __| |  / | / /_  / |
 | |\/| | | | | | __| | | | |/ _` |/ _` | '__|____|  _| / _` | | __/ _ \/ _` |  | || '_ \ | |
 | |  | | |_| | | |_| | |_| | (_| | (_| | | |_____| |__| (_| | | ||  __/ (_| |  | || (_) || |
 |_|  |_|\__,_|_|\__|_|\___/ \__, |\__,_|_|       |_____\__,_|_|\__\___|\__,_|  |_(_)___(_)_|
                             |___/                                                           
[NONE ][20:40:51] >lms
[NONE ][20:40:51] Started last man standing
[NONE ][20:40:52] CONNECTED 127.0.0.1:22353, origin: "http://blobby.ga"
[NONE ][20:40:57] >lms
[NONE ][20:40:57] Ended last man standing
[NONE ][20:41:00] DISCONNECTED 127.0.0.1:22353, code: 1001, reason: "", name: "herohamp"
[NONE ][20:41:00] CONNECTED 127.0.0.1:22439, origin: "http://blobby.ga"
[NONE ][20:41:06] >addbot 20
[NONE ][20:41:06] Added 20 player bots
[NONE ][20:41:08] >lms
[NONE ][20:41:08] Started last man standing
[NONE ][20:45:04] >playerlist
[NONE ][20:45:04] 
Current players: 21
[NONE ][20:45:04] Do "playerlist m" or "pl m" to list minions

[NONE ][20:45:04]  ID     | IP              | P | CELLS | SCORE  |   POSITION   | NICK            
[NONE ][20:45:04] ────────────────────────────────────────────────────────────────────────────────
[NONE ][20:45:04]       2 | 127.0.0.1       | 5 |     1 |   1232 |  5861, -6895 | herohamp       
[NONE ][20:45:04]       3 | [BOT]           | ? |     1 |    119 |  2164, -5079 | Ola            
[NONE ][20:45:04]       4 | [BOT]           | ? | ----------------------------DEAD OR NOT PLAYING
[NONE ][20:45:04]       5 | [BOT]           | ? |     2 |    216 | -2787, -3011 | Bill           
[NONE ][20:45:04]       6 | [BOT]           | ? |     1 |    145 | -2369,  3832 | Myra           
[NONE ][20:45:04]       7 | [BOT]           | ? |     1 |    114 |  3040, -4944 | Herbert        
[NONE ][20:45:04]       8 | [BOT]           | ? |     1 |    144 |   752, -6263 | Nannie         
[NONE ][20:45:04]       9 | [BOT]           | ? |     1 |     60 |  6995,  6802 | Lucy           
[NONE ][20:45:04]      10 | [BOT]           | ? |     1 |    175 |  1639, -2800 | Victor         
[NONE ][20:45:04]      11 | [BOT]           | ? |     1 |     26 | -6280, -2991 | Genevieve      
[NONE ][20:45:04]      12 | [BOT]           | ? | ----------------------------DEAD OR NOT PLAYING
[NONE ][20:45:04]      13 | [BOT]           | ? | ----------------------------DEAD OR NOT PLAYING
[NONE ][20:45:04]      14 | [BOT]           | ? |     1 |    170 |  5966,  3659 | Alexander      
[NONE ][20:45:04]      15 | [BOT]           | ? |     1 |     79 |  2779, -5726 | Jacob          
[NONE ][20:45:04]      16 | [BOT]           | ? | ----------------------------DEAD OR NOT PLAYING
[NONE ][20:45:04]      17 | [BOT]           | ? | ----------------------------DEAD OR NOT PLAYING
[NONE ][20:45:04]      18 | [BOT]           | ? |     1 |     61 |  1418,  5360 | Christian      
[NONE ][20:45:04]      19 | [BOT]           | ? | ----------------------------DEAD OR NOT PLAYING
[NONE ][20:45:04]      20 | [BOT]           | ? |     2 |    894 |   265, -2013 | Lester         
[NONE ][20:45:04]      21 | [BOT]           | ? |     1 |    153 | -4415,  6910 | Elnora         
[NONE ][20:45:04]      22 | [BOT]           | ? | ----------------------------DEAD OR NOT PLAYING
[NONE ][20:45:21] >rec 2
[NONE ][20:45:21] herohamp is now in rec mode!
[NONE ][20:46:40] >lms
[NONE ][20:46:40] Ended last man standing
[NONE ][20:46:46] DISCONNECTED 127.0.0.1:22439, code: 1001, reason: "", name: "herohamp"
[NONE ][20:46:47] CONNECTED 127.0.0.1:26169, origin: "http://blobby.ga"
