=== Started 2017-05-19T20-32-30-974 ===
[INFO ][20:32:30] 419 bad words loaded
[WARN ][20:32:30] User account "Local Administrator" disabled
[WARN ][20:32:30] User account "Local Moderator" disabled
[WARN ][20:32:30] User account "Local User" disabled
[INFO ][20:32:30] 0 user records loaded.
[INFO ][20:32:30] 0 IP ban records loaded.
[INFO ][20:32:30] [1m[32mMultiOgar-Edited 1.6.1[37m - An open source multi-protocol ogar server[0m
[INFO ][20:32:30] WebSocket: ws
[INFO ][20:32:31] Listening on port 3003
[INFO ][20:32:31] Current game mode is Free For All
[NONE ][20:32:31]   __  __       _ _   _  ___                        _____    _ _ _           _    _   __    _ 
 |  \/  |_   _| | |_(_)/ _ \  __ _  __ _ _ __     | ____|__| (_) |_ ___  __| |  / | / /_  / |
 | |\/| | | | | | __| | | | |/ _` |/ _` | '__|____|  _| / _` | | __/ _ \/ _` |  | || '_ \ | |
 | |  | | |_| | | |_| | |_| | (_| | (_| | | |_____| |__| (_| | | ||  __/ (_| |  | || (_) || |
 |_|  |_|\__,_|_|\__|_|\___/ \__, |\__,_|_|       |_____\__,_|_|\__\___|\__,_|  |_(_)___(_)_|
                             |___/                                                           
[NONE ][20:32:37] >addbot 2
[ERROR][20:32:37] ReferenceError: chance is not defined
    at BotLoader.getName (/var/www/Ogar/src/ai/BotLoader.js:17:12)
    at BotLoader.addBot (/var/www/Ogar/src/ai/BotLoader.js:58:38)
    at addbot (/var/www/Ogar/src/modules/CommandList.js:180:29)
    at parseCommands (/var/www/Ogar/src/index.js:168:9)
    at /var/www/Ogar/src/index.js:142:13
    at Interface._onLine (readline.js:239:5)
    at Interface._line (readline.js:590:8)
    at Interface._ttyWrite (readline.js:869:14)
    at ReadStream.onkeypress (readline.js:120:10)
    at emitTwo (events.js:106:13)
[NONE ][20:32:47] CONNECTED 127.0.0.1:16235, origin: "http://blobby.ga"
