=== Started 2017-05-19T20-31-22-505 ===
[INFO ][20:31:22] 419 bad words loaded
[WARN ][20:31:22] User account "Local Administrator" disabled
[WARN ][20:31:22] User account "Local Moderator" disabled
[WARN ][20:31:22] User account "Local User" disabled
[INFO ][20:31:22] 0 user records loaded.
[INFO ][20:31:22] 0 IP ban records loaded.
[INFO ][20:31:22] [1m[32mMultiOgar-Edited 1.6.1[37m - An open source multi-protocol ogar server[0m
[INFO ][20:31:22] WebSocket: ws
[INFO ][20:31:22] Listening on port 3003
[INFO ][20:31:22] Current game mode is Free For All
[NONE ][20:31:22]   __  __       _ _   _  ___                        _____    _ _ _           _    _   __    _ 
 |  \/  |_   _| | |_(_)/ _ \  __ _  __ _ _ __     | ____|__| (_) |_ ___  __| |  / | / /_  / |
 | |\/| | | | | | __| | | | |/ _` |/ _` | '__|____|  _| / _` | | __/ _ \/ _` |  | || '_ \ | |
 | |  | | |_| | | |_| | |_| | (_| | (_| | | |_____| |__| (_| | | ||  __/ (_| |  | || (_) || |
 |_|  |_|\__,_|_|\__|_|\___/ \__, |\__,_|_|       |_____\__,_|_|\__\___|\__,_|  |_(_)___(_)_|
                             |___/                                                           
[NONE ][20:31:28] CONNECTED 127.0.0.1:15333, origin: "http://blobby.ga"
[NONE ][20:31:42] >addbot 2
[ERROR][20:31:42] TypeError: chance.name is not a function
    at BotLoader.getName (/var/www/Ogar/src/ai/BotLoader.js:17:19)
    at BotLoader.addBot (/var/www/Ogar/src/ai/BotLoader.js:56:38)
    at addbot (/var/www/Ogar/src/modules/CommandList.js:180:29)
    at parseCommands (/var/www/Ogar/src/index.js:167:9)
    at /var/www/Ogar/src/index.js:141:13
    at Interface._onLine (readline.js:239:5)
    at Interface._line (readline.js:590:8)
    at Interface._ttyWrite (readline.js:869:14)
    at ReadStream.onkeypress (readline.js:120:10)
    at emitTwo (events.js:106:13)
