=== Started 2017-05-19T20-20-09-636 ===
[INFO ][20:20:09] 419 bad words loaded
[WARN ][20:20:09] User account "Local Administrator" disabled
[WARN ][20:20:09] User account "Local Moderator" disabled
[WARN ][20:20:09] User account "Local User" disabled
[INFO ][20:20:09] 0 user records loaded.
[INFO ][20:20:09] 0 IP ban records loaded.
[INFO ][20:20:09] [1m[32mMultiOgar-Edited 1.6.1[37m - An open source multi-protocol ogar server[0m
[INFO ][20:20:09] WebSocket: ws
[INFO ][20:20:09] Listening on port 3003
[INFO ][20:20:09] Current game mode is Free For All
[NONE ][20:20:09]   __  __       _ _   _  ___                        _____    _ _ _           _    _   __    _ 
 |  \/  |_   _| | |_(_)/ _ \  __ _  __ _ _ __     | ____|__| (_) |_ ___  __| |  / | / /_  / |
 | |\/| | | | | | __| | | | |/ _` |/ _` | '__|____|  _| / _` | | __/ _ \/ _` |  | || '_ \ | |
 | |  | | |_| | | |_| | |_| | (_| | (_| | | |_____| |__| (_| | | ||  __/ (_| |  | || (_) || |
 |_|  |_|\__,_|_|\__|_|\___/ \__, |\__,_|_|       |_____\__,_|_|\__\___|\__,_|  |_(_)___(_)_|
                             |___/                                                           
[NONE ][20:20:10] CONNECTED 127.0.0.1:60780, origin: "http://blobby.ga"
[NONE ][20:20:17] >addbots 2
[WARN ][20:20:17] Invalid Command!
[NONE ][20:20:19] >addbot 2
[NONE ][20:20:19] Added 2 player bots
[NONE ][20:20:28] >exit
[WARN ][20:20:28] Closing server...
[DEBUG][20:20:28] process.exit(1)
=== Shutdown 2017-05-19T20-20-28-269 ===
