=== Started 2017-05-19T22-06-32-398 ===
[INFO ][22:06:32] 419 bad words loaded
[WARN ][22:06:32] User account "Local Administrator" disabled
[WARN ][22:06:32] User account "Local Moderator" disabled
[WARN ][22:06:32] User account "Local User" disabled
[INFO ][22:06:32] 0 user records loaded.
[INFO ][22:06:32] 0 IP ban records loaded.
[INFO ][22:06:32] [1m[32mMultiOgar-Edited 1.6.1[37m - An open source multi-protocol ogar server[0m
[INFO ][22:06:32] WebSocket: ws
[INFO ][22:06:32] Listening on port 3003
[INFO ][22:06:32] Current game mode is Free For All
[NONE ][22:06:32]   __  __       _ _   _  ___                        _____    _ _ _           _    _   __    _ 
 |  \/  |_   _| | |_(_)/ _ \  __ _  __ _ _ __     | ____|__| (_) |_ ___  __| |  / | / /_  / |
 | |\/| | | | | | __| | | | |/ _` |/ _` | '__|____|  _| / _` | | __/ _ \/ _` |  | || '_ \ | |
 | |  | | |_| | | |_| | |_| | (_| | (_| | | |_____| |__| (_| | | ||  __/ (_| |  | || (_) || |
 |_|  |_|\__,_|_|\__|_|\___/ \__, |\__,_|_|       |_____\__,_|_|\__\___|\__,_|  |_(_)___(_)_|
                             |___/                                                           
[NONE ][22:06:35] CONNECTED 127.0.0.1:21956, origin: "http://blobby.ga"
[NONE ][22:06:35] DISCONNECTED 127.0.0.1:21956, code: 1001, reason: "", name: ""
[NONE ][22:06:36] CONNECTED 127.0.0.1:21988, origin: "http://blobby.ga"
[NONE ][22:06:43] >playerlist
[NONE ][22:06:43] 
Current players: 1
[NONE ][22:06:43] Do "playerlist m" or "pl m" to list minions

[NONE ][22:06:43]  ID     | IP              | P | CELLS | SCORE  |   POSITION   | NICK            
[NONE ][22:06:43] ────────────────────────────────────────────────────────────────────────────────
[NONE ][22:06:43]       2 | 127.0.0.1       | 5 |     1 |     10 |  4099, -4418 | herohamp       
